
2023-02-22 21:46:36,888 - __main__ - INFO - Player name is : Tianmin Lyu
2023-02-23 02:19:53,354 - __main__ - INFO - Player name is : Tianmin Lyu
2023-02-23 10:15:52,639 - __main__ - INFO - The url of the Feb archive of tianminlyu is : https://api.chess.com/pub/player/tianminlyu/games/2023/02
2023-02-23 10:15:52,953 - __main__ - INFO - In Feb, tianminlyu has played 4 chess games.
2023-02-23 10:39:12,410 - __main__ - INFO - The url of the Feb archive of tianminlyu is : https://api.chess.com/pub/player/tianminlyu/games/2023/02
2023-02-23 10:39:12,518 - __main__ - INFO - In Feb, tianminlyu has played 4 chess games.
2023-02-23 11:12:33,687 - __main__ - INFO - The url of the Feb archive of tianminlyu is : https://api.chess.com/pub/player/tianminlyu/games/2023/02
2023-02-23 11:12:33,811 - __main__ - INFO - In Feb, tianminlyu has played 4 chess games.
2023-02-23 11:36:09,479 - __main__ - INFO - The url of the Feb archive of tianminlyu is : https://api.chess.com/pub/player/tianminlyu/games/2023/02
2023-02-23 11:36:09,643 - __main__ - INFO - In Feb, tianminlyu has played 4 chess games.
2023-02-23 12:30:23,784 - __main__ - INFO - The url of the Feb archive of tianminlyu is : https://api.chess.com/pub/player/tianminlyu/games/2023/02
2023-02-23 12:30:24,130 - __main__ - INFO - In Feb, tianminlyu has played 4 chess games.
2023-02-23 14:14:51,088 - __main__ - INFO - The url of the Feb archive of tianminlyu is : https://api.chess.com/pub/player/tianminlyu/games/2023/02
2023-02-23 14:36:39,893 - __main__ - INFO - The url of the Feb archive of tianminlyu is : https://api.chess.com/pub/player/tianminlyu/games/2023/02
2023-02-23 15:15:25,790 - __main__ - INFO - The url of the Feb archive of tianminlyu is : https://api.chess.com/pub/player/tianminlyu/games/2023/02
2023-02-23 15:38:30,287 - __main__ - INFO - The url of the Feb archive of tianminlyu is : https://api.chess.com/pub/player/tianminlyu/games/2023/02
2023-02-23 16:48:33,080 - __main__ - INFO - The url of the Feb archive of tianminlyu is : https://api.chess.com/pub/player/tianminlyu/games/2023/02
2023-02-23 17:13:50,480 - __main__ - INFO - The url of the Feb archive of tianminlyu is : https://api.chess.com/pub/player/tianminlyu/games/2023/02
2023-02-23 17:37:14,769 - __main__ - INFO - The url of the Feb archive of tianminlyu is : https://api.chess.com/pub/player/tianminlyu/games/2023/02
2023-02-23 18:18:56,167 - __main__ - INFO - The url of the Feb archive of tianminlyu is : https://api.chess.com/pub/player/tianminlyu/games/2023/02
2023-02-23 18:18:56,369 - __main__ - INFO - The max start time is : nan
2023-02-23 18:41:18,585 - __main__ - INFO - The url of the Feb archive of tianminlyu is : https://api.chess.com/pub/player/tianminlyu/games/2023/02
2023-02-23 18:41:18,714 - __main__ - INFO - The max start time is : nan
2023-02-23 19:17:33,967 - __main__ - INFO - The url of the Feb archive of tianminlyu is : https://api.chess.com/pub/player/tianminlyu/games/2023/02
2023-02-23 19:17:34,102 - __main__ - INFO - Username is : tianminlyu
2023-02-23 19:17:34,107 - __main__ - INFO - Username is : tianminlyu
2023-02-23 19:17:34,112 - __main__ - INFO - Username is : tianminlyu
2023-02-23 19:17:34,118 - __main__ - INFO - Username is : tianminlyu
2023-02-23 19:17:34,120 - __main__ - INFO - The max start time is : 18:41:40
2023-02-23 19:29:24,777 - __main__ - INFO - The url of the Feb archive of tianminlyu is : https://api.chess.com/pub/player/tianminlyu/games/2023/02
2023-02-23 19:29:25,105 - __main__ - INFO - Username is : tianminlyu
2023-02-23 19:29:25,109 - __main__ - INFO - Username is : tianminlyu
2023-02-23 19:29:25,114 - __main__ - INFO - Username is : tianminlyu
2023-02-23 19:29:25,119 - __main__ - INFO - Username is : tianminlyu
2023-02-23 19:41:17,281 - __main__ - INFO - The url of the Feb archive of tianminlyu is : https://api.chess.com/pub/player/tianminlyu/games/2023/02
2023-02-23 19:41:17,454 - __main__ - INFO - Username is : tianminlyu
2023-02-23 19:41:17,458 - __main__ - INFO - Username is : tianminlyu
2023-02-23 19:41:17,463 - __main__ - INFO - Username is : tianminlyu
2023-02-23 19:41:17,469 - __main__ - INFO - Username is : tianminlyu
2023-02-23 19:57:21,101 - __main__ - INFO - The url of the Feb archive of tianminlyu is : https://api.chess.com/pub/player/tianminlyu/games/2023/02
2023-02-23 19:57:21,233 - __main__ - INFO - Username is : tianminlyu
2023-02-23 19:57:21,238 - __main__ - INFO - Username is : tianminlyu
2023-02-23 19:57:21,242 - __main__ - INFO - Username is : tianminlyu
2023-02-23 19:57:21,248 - __main__ - INFO - Username is : tianminlyu
